<?xml version="1.0" encoding="UTF-8"?>
<!-- Generated by org.testng.reporters.JUnitXMLReporter -->
<testsuite ignored="0" hostname="ShourangaX" failures="4" tests="10" name="Default test" time="377.55" errors="0" timestamp="2026-04-24T18:49:14 IST">
  <testcase classname="io.cucumber.testng.AbstractTestNGCucumberTests" name="runScenario" time="212.353"/>
  <testcase classname="io.cucumber.testng.AbstractTestNGCucumberTests" name="runScenario" time="214.657">
    <failure type="java.lang.AssertionError" message="Error message not displayed for invalid input expected [true] but found [false]">
      <![CDATA[java.lang.AssertionError: Error message not displayed for invalid input expected [true] but found [false]
at org.testng.Assert.fail(Assert.java:111)
at org.testng.Assert.failNotEquals(Assert.java:1590)
at org.testng.Assert.assertTrue(Assert.java:57)
at com.apollo247.testing.stepdefinitions.LabTestSteps.validate_search_result_for(LabTestSteps.java:71)
at ✽.validate search result for "12333","invalid"(file:///C:/Users/Shyam%20Sundar/OneDrive/Desktop/Capgemini%20Project/com.apollo247.Testing_Sprint/src/test/java/com/apollo247/testing/features/LabTest.feature:12)
]]>
    </failure>
  </testcase> <!-- runScenario -->
  <testcase classname="io.cucumber.testng.AbstractTestNGCucumberTests" name="runScenario" time="219.096"/>
  <testcase classname="io.cucumber.testng.AbstractTestNGCucumberTests" name="runScenario" time="219.19"/>
  <testcase classname="io.cucumber.testng.AbstractTestNGCucumberTests" name="runScenario" time="224.973">
    <failure type="java.lang.AssertionError" message="Page not Navigated to the Lab Test module expected [true] but found [false]">
      <![CDATA[java.lang.AssertionError: Page not Navigated to the Lab Test module expected [true] but found [false]
at org.testng.Assert.fail(Assert.java:111)
at org.testng.Assert.failNotEquals(Assert.java:1590)
at org.testng.Assert.assertTrue(Assert.java:57)
at com.apollo247.testing.stepdefinitions.LabTestSteps.check_user_in_on_correct_module(LabTestSteps.java:45)
at ✽.check user in on correct module(file:///C:/Users/Shyam%20Sundar/OneDrive/Desktop/Capgemini%20Project/com.apollo247.Testing_Sprint/src/test/java/com/apollo247/testing/features/LabTest.feature:6)
]]>
    </failure>
  </testcase> <!-- runScenario -->
  <testcase classname="io.cucumber.testng.AbstractTestNGCucumberTests" name="runScenario" time="226.031">
    <failure type="java.lang.AssertionError" message="Page not Navigated to the Lab Test module expected [true] but found [false]">
      <![CDATA[java.lang.AssertionError: Page not Navigated to the Lab Test module expected [true] but found [false]
at org.testng.Assert.fail(Assert.java:111)
at org.testng.Assert.failNotEquals(Assert.java:1590)
at org.testng.Assert.assertTrue(Assert.java:57)
at com.apollo247.testing.stepdefinitions.LabTestSteps.check_user_in_on_correct_module(LabTestSteps.java:45)
at ✽.check user in on correct module(file:///C:/Users/Shyam%20Sundar/OneDrive/Desktop/Capgemini%20Project/com.apollo247.Testing_Sprint/src/test/java/com/apollo247/testing/features/LabTest.feature:6)
]]>
    </failure>
  </testcase> <!-- runScenario -->
  <testcase classname="io.cucumber.testng.AbstractTestNGCucumberTests" name="runScenario" time="227.337">
    <failure type="java.lang.AssertionError" message="Page not Navigated to the Lab Test module expected [true] but found [false]">
      <![CDATA[java.lang.AssertionError: Page not Navigated to the Lab Test module expected [true] but found [false]
at org.testng.Assert.fail(Assert.java:111)
at org.testng.Assert.failNotEquals(Assert.java:1590)
at org.testng.Assert.assertTrue(Assert.java:57)
at com.apollo247.testing.stepdefinitions.LabTestSteps.check_user_in_on_correct_module(LabTestSteps.java:45)
at ✽.check user in on correct module(file:///C:/Users/Shyam%20Sundar/OneDrive/Desktop/Capgemini%20Project/com.apollo247.Testing_Sprint/src/test/java/com/apollo247/testing/features/LabTest.feature:6)
]]>
    </failure>
  </testcase> <!-- runScenario -->
  <testcase classname="io.cucumber.testng.AbstractTestNGCucumberTests" name="runScenario" time="337.375"/>
  <testcase classname="io.cucumber.testng.AbstractTestNGCucumberTests" name="runScenario" time="360.59"/>
  <testcase classname="io.cucumber.testng.AbstractTestNGCucumberTests" name="runScenario" time="376.935"/>
</testsuite> <!-- Default test -->
