<?xml version="1.0" encoding="UTF-8"?>
<!-- Generated by org.testng.reporters.JUnitXMLReporter -->
<testsuite ignored="0" hostname="ShourangaX" failures="1" tests="11" name="Apollo247_Test_Runner" time="560.496" errors="0" timestamp="2026-04-25T12:59:35 IST">
  <testcase classname="io.cucumber.testng.AbstractTestNGCucumberTests" name="runScenario" time="216.36"/>
  <testcase classname="io.cucumber.testng.AbstractTestNGCucumberTests" name="runScenario" time="219.289"/>
  <testcase classname="io.cucumber.testng.AbstractTestNGCucumberTests" name="runScenario" time="219.825"/>
  <testcase classname="io.cucumber.testng.AbstractTestNGCucumberTests" name="runScenario" time="220.671">
    <failure type="java.lang.AssertionError" message="Error message not displayed for invalid input expected [true] but found [false]">
      <![CDATA[java.lang.AssertionError: Error message not displayed for invalid input expected [true] but found [false]
at com.apollo247.testing.stepdefinitions.LabTestSteps.validate_search_result_for(LabTestSteps.java:71)
at ✽.validate search result for "12333","invalid"(file:///C:/Users/Shyam%20Sundar/OneDrive/Desktop/Capgemini%20Project/com.apollo247.Testing_Sprint/src/test/java/com/apollo247/testing/features/LabTest.feature:11)
... Removed 3 stack frames]]>
    </failure>
  </testcase> <!-- runScenario -->
  <testcase classname="io.cucumber.testng.AbstractTestNGCucumberTests" name="runScenario" time="221.168"/>
  <testcase classname="io.cucumber.testng.AbstractTestNGCucumberTests" name="runScenario" time="221.23"/>
  <testcase classname="io.cucumber.testng.AbstractTestNGCucumberTests" name="runScenario" time="221.908"/>
  <testcase classname="io.cucumber.testng.AbstractTestNGCucumberTests" name="runScenario" time="222.254"/>
  <testcase classname="io.cucumber.testng.AbstractTestNGCucumberTests" name="runScenario" time="340.556"/>
  <testcase classname="io.cucumber.testng.AbstractTestNGCucumberTests" name="runScenario" time="357.844"/>
  <testcase classname="io.cucumber.testng.AbstractTestNGCucumberTests" name="runScenario" time="342.787"/>
</testsuite> <!-- Apollo247_Test_Runner -->
