<?xml version="1.0" encoding="UTF-8"?>
<testng-results ignored="0" total="3" passed="3" failed="0" skipped="0">
  <reporter-output>
  </reporter-output>
  <suite started-at="2026-04-25T16:54:33 IST" name="Default suite" finished-at="2026-04-25T17:00:47 IST" duration-ms="373849">
    <groups>
      <group name="cucumber">
        <method signature="AbstractTestNGCucumberTests.runScenario(io.cucumber.testng.PickleWrapper,io.cucumber.testng.FeatureWrapper)[pri:0, instance:com.apollo247.testing.runner.LabTest_RunnerIO@707194ba]" name="runScenario" class="io.cucumber.testng.AbstractTestNGCucumberTests"/>
      </group> <!-- cucumber -->
    </groups>
    <test started-at="2026-04-25T16:54:33 IST" name="Default test" finished-at="2026-04-25T17:00:47 IST" duration-ms="373849">
      <class name="com.apollo247.testing.runner.LabTest_RunnerIO">
        <test-method is-config="true" signature="setUpClass(org.testng.ITestContext)[pri:0, instance:com.apollo247.testing.runner.LabTest_RunnerIO@707194ba]" started-at="2026-04-25T16:54:33 IST" name="setUpClass" finished-at="2026-04-25T16:54:34 IST" duration-ms="498" status="PASS">
          <params>
            <param index="0">
              <value>
                <![CDATA[org.testng.TestRunner@44a2b17b]]>
              </value>
            </param>
          </params>
          <reporter-output>
          </reporter-output>
        </test-method> <!-- setUpClass -->
        <test-method signature="runScenario(io.cucumber.testng.PickleWrapper,io.cucumber.testng.FeatureWrapper)[pri:0, instance:com.apollo247.testing.runner.LabTest_RunnerIO@707194ba]" started-at="2026-04-25T16:54:34 IST" name="runScenario" description="Runs Cucumber Scenarios" data-provider="scenarios" finished-at="2026-04-25T16:58:26 IST" duration-ms="232664" status="PASS">
          <params>
            <param index="0">
              <value>
                <![CDATA["Verify booking lab test using correct prescription format"]]>
              </value>
            </param>
            <param index="1">
              <value>
                <![CDATA["Automation Testing on Lab Test Module"]]>
              </value>
            </param>
          </params>
          <reporter-output>
          </reporter-output>
        </test-method> <!-- runScenario -->
        <test-method signature="runScenario(io.cucumber.testng.PickleWrapper,io.cucumber.testng.FeatureWrapper)[pri:0, instance:com.apollo247.testing.runner.LabTest_RunnerIO@707194ba]" started-at="2026-04-25T16:54:34 IST" name="runScenario" description="Runs Cucumber Scenarios" data-provider="scenarios" finished-at="2026-04-25T16:58:24 IST" duration-ms="230279" status="PASS">
          <params>
            <param index="0">
              <value>
                <![CDATA["Verify booking lab test using wrong prescription file format"]]>
              </value>
            </param>
            <param index="1">
              <value>
                <![CDATA["Automation Testing on Lab Test Module"]]>
              </value>
            </param>
          </params>
          <reporter-output>
          </reporter-output>
        </test-method> <!-- runScenario -->
        <test-method signature="runScenario(io.cucumber.testng.PickleWrapper,io.cucumber.testng.FeatureWrapper)[pri:0, instance:com.apollo247.testing.runner.LabTest_RunnerIO@707194ba]" started-at="2026-04-25T16:54:34 IST" name="runScenario" description="Runs Cucumber Scenarios" data-provider="scenarios" finished-at="2026-04-25T17:00:47 IST" duration-ms="373288" status="PASS">
          <params>
            <param index="0">
              <value>
                <![CDATA["Verify user can initiate radiology request successfully"]]>
              </value>
            </param>
            <param index="1">
              <value>
                <![CDATA["Automation Testing on Lab Test Module"]]>
              </value>
            </param>
          </params>
          <reporter-output>
          </reporter-output>
        </test-method> <!-- runScenario -->
        <test-method is-config="true" signature="tearDownClass()[pri:0, instance:com.apollo247.testing.runner.LabTest_RunnerIO@707194ba]" started-at="2026-04-25T17:00:47 IST" name="tearDownClass" finished-at="2026-04-25T17:00:47 IST" duration-ms="16" status="PASS">
          <reporter-output>
          </reporter-output>
        </test-method> <!-- tearDownClass -->
      </class> <!-- com.apollo247.testing.runner.LabTest_RunnerIO -->
    </test> <!-- Default test -->
  </suite> <!-- Default suite -->
</testng-results>
