<?xml version="1.0" encoding="UTF-8"?>
<!-- Generated by org.testng.reporters.JUnitReportReporter -->
<testsuite hostname="Roshini" failures="1" tests="3" name="com.apollo247.testing.runner.BuyMedicineRunner" time="2465.128" errors="1" timestamp="2026-04-22T10:13:52 IST" skipped="0">
  <testcase classname="com.apollo247.testing.runner.BuyMedicineRunner" name="runScenario" time="1001.503">
    <error message="invalid session id
Build info: version: &#039;4.38.0&#039;, revision: &#039;6b412e825c*&#039;
System info: os.name: &#039;Windows 11&#039;, os.arch: &#039;amd64&#039;, os.version: &#039;10.0&#039;, java.version: &#039;21.0.7&#039;
Driver info: org.openqa.selenium.chrome.ChromeDriver
Command: [6f45221299820f940f0b2316bf121b21, get {url=https://www.apollo247.com}]
Capabilities {acceptInsecureCerts: false, browserName: chrome, browserVersion: 147.0.7727.102, chrome: {chromedriverVersion: 147.0.7727.57 (b4f28b5637d0..., userDataDir: C:\Users\roshi\AppData\Loca...}, fedcm:accounts: true, goog:chromeOptions: {debuggerAddress: localhost:63872}, goog:processID: 14412, networkConnectionEnabled: false, pageLoadStrategy: normal, platformName: windows, proxy: Proxy(), se:cdp: ws://localhost:63872/devtoo..., se:cdpVersion: 147.0.7727.102, setWindowRect: true, strictFileInteractability: false, timeouts: {implicit: 0, pageLoad: 300000, script: 30000}, unhandledPromptBehavior: dismiss and notify, webauthn:extension:credBlob: true, webauthn:extension:largeBlob: true, webauthn:extension:minPinLength: true, webauthn:extension:prf: true, webauthn:virtualAuthenticators: true}
Session ID: 6f45221299820f940f0b2316bf121b21" type="org.openqa.selenium.NoSuchSessionException">
      <![CDATA[org.openqa.selenium.NoSuchSessionException: invalid session id
Build info: version: '4.38.0', revision: '6b412e825c*'
System info: os.name: 'Windows 11', os.arch: 'amd64', os.version: '10.0', java.version: '21.0.7'
Driver info: org.openqa.selenium.chrome.ChromeDriver
Command: [6f45221299820f940f0b2316bf121b21, get {url=https://www.apollo247.com}]
Capabilities {acceptInsecureCerts: false, browserName: chrome, browserVersion: 147.0.7727.102, chrome: {chromedriverVersion: 147.0.7727.57 (b4f28b5637d0..., userDataDir: C:\Users\roshi\AppData\Loca...}, fedcm:accounts: true, goog:chromeOptions: {debuggerAddress: localhost:63872}, goog:processID: 14412, networkConnectionEnabled: false, pageLoadStrategy: normal, platformName: windows, proxy: Proxy(), se:cdp: ws://localhost:63872/devtoo..., se:cdpVersion: 147.0.7727.102, setWindowRect: true, strictFileInteractability: false, timeouts: {implicit: 0, pageLoad: 300000, script: 30000}, unhandledPromptBehavior: dismiss and notify, webauthn:extension:credBlob: true, webauthn:extension:largeBlob: true, webauthn:extension:minPinLength: true, webauthn:extension:prf: true, webauthn:virtualAuthenticators: true}
Session ID: 6f45221299820f940f0b2316bf121b21
at java.base/jdk.internal.reflect.DirectConstructorHandleAccessor.newInstance(DirectConstructorHandleAccessor.java:62)
at java.base/java.lang.reflect.Constructor.newInstanceWithCaller(Constructor.java:502)
at java.base/java.lang.reflect.Constructor.newInstance(Constructor.java:486)
at org.openqa.selenium.remote.ErrorCodec.decode(ErrorCodec.java:167)
at org.openqa.selenium.remote.codec.w3c.W3CHttpResponseCodec.decode(W3CHttpResponseCodec.java:138)
at org.openqa.selenium.remote.codec.w3c.W3CHttpResponseCodec.decode(W3CHttpResponseCodec.java:50)
at org.openqa.selenium.remote.HttpCommandExecutor.execute(HttpCommandExecutor.java:215)
at org.openqa.selenium.remote.service.DriverCommandExecutor.invokeExecute(DriverCommandExecutor.java:216)
at org.openqa.selenium.remote.service.DriverCommandExecutor.execute(DriverCommandExecutor.java:174)
at org.openqa.selenium.remote.RemoteWebDriver.execute(RemoteWebDriver.java:557)
at org.openqa.selenium.remote.RemoteWebDriver.get(RemoteWebDriver.java:325)
at com.apollo247.testing.utilities.SessionManager.loadSession(SessionManager.java:65)
at com.apollo247.testing.utilities.SessionManager.ManageSession(SessionManager.java:32)
at com.apollo247.testing.stepdefinitions.BuyMedicineSteps.user_navigates_to_apollo_247_website(BuyMedicineSteps.java:36)
at ✽.User navigates to Apollo 247 website(file:///C:/Users/roshi/git/Testing-Sprint-Apollo2471/src/test/java/com/apollo247/testing/features/BuyMedicineFeature.feature:9)
]]>
    </error>
  </testcase> <!-- runScenario -->
  <testcase classname="com.apollo247.testing.runner.BuyMedicineRunner" name="runScenario" time="990.190">
    <failure message="Product Crocin Tablet not found in cart expected [true] but found [false]" type="java.lang.AssertionError">
      <![CDATA[java.lang.AssertionError: Product Crocin Tablet not found in cart expected [true] but found [false]
at org.testng.Assert.fail(Assert.java:111)
at org.testng.Assert.failNotEquals(Assert.java:1590)
at org.testng.Assert.assertTrue(Assert.java:57)
at com.apollo247.testing.stepdefinitions.BuyMedicineSteps.product_should_be_visible_in_cart(BuyMedicineSteps.java:80)
at ✽.Product "Crocin Tablet" should be visible in cart(file:///C:/Users/roshi/git/Testing-Sprint-Apollo2471/src/test/java/com/apollo247/testing/features/BuyMedicineFeature.feature:18)
]]>
    </failure>
  </testcase> <!-- runScenario -->
  <testcase classname="com.apollo247.testing.runner.BuyMedicineRunner" name="runScenario" time="473.435"/>
</testsuite> <!-- com.apollo247.testing.runner.BuyMedicineRunner -->
