<?xml version="1.0" encoding="UTF-8"?>
<!-- Generated by org.testng.reporters.JUnitReportReporter -->
<testsuite hostname="Roshini" failures="0" tests="1" name="com.apollo247.testing.runner.BuyMedicineRunner" time="63.275" errors="1" timestamp="2026-04-22T00:56:05 IST" skipped="0">
  <testcase classname="com.apollo247.testing.runner.BuyMedicineRunner" name="runScenario" time="63.275">
    <error message="element click intercepted: Element &lt;a class=&quot;HeaderContent_icon__nBXwX HeaderContent_cart__jRjbn icon-cart_icon&quot; aria-label=&quot;Cart Icon&quot; href=&quot;/medicines-cart?source=&quot;&gt;&lt;/a&gt; is not clickable at point (1308, 30). Other element would receive the click: &lt;ct-web-popup-imageonly&gt;&lt;/ct-web-popup-imageonly&gt;
  (Session info: chrome=147.0.7727.102)
Build info: version: &#039;4.38.0&#039;, revision: &#039;6b412e825c*&#039;
System info: os.name: &#039;Windows 11&#039;, os.arch: &#039;amd64&#039;, os.version: &#039;10.0&#039;, java.version: &#039;21.0.10&#039;
Driver info: org.openqa.selenium.chrome.ChromeDriver
Command: [98864aa02af5aba3231cf6a6a93e66e2, clickElement {id=f.9B7235545F89A8EAF060E101D2C3FAB6.d.40FDABE8ED8EA440B7624CD0474FA44F.e.1020}]
Capabilities {acceptInsecureCerts: false, browserName: chrome, browserVersion: 147.0.7727.102, chrome: {chromedriverVersion: 147.0.7727.57 (b4f28b5637d0..., userDataDir: C:\Users\roshi\AppData\Loca...}, fedcm:accounts: true, goog:chromeOptions: {debuggerAddress: localhost:56357}, goog:processID: 21360, networkConnectionEnabled: false, pageLoadStrategy: normal, platformName: windows, proxy: Proxy(), se:cdp: ws://localhost:56357/devtoo..., se:cdpVersion: 147.0.7727.102, setWindowRect: true, strictFileInteractability: false, timeouts: {implicit: 0, pageLoad: 300000, script: 30000}, unhandledPromptBehavior: dismiss and notify, webauthn:extension:credBlob: true, webauthn:extension:largeBlob: true, webauthn:extension:minPinLength: true, webauthn:extension:prf: true, webauthn:virtualAuthenticators: true}
Element: [[ChromeDriver: chrome on windows (98864aa02af5aba3231cf6a6a93e66e2)] -&gt; css selector: a[class*=&#039;cart&#039;]]
Session ID: 98864aa02af5aba3231cf6a6a93e66e2" type="org.openqa.selenium.ElementClickInterceptedException">
      <![CDATA[org.openqa.selenium.ElementClickInterceptedException: element click intercepted: Element <a class="HeaderContent_icon__nBXwX HeaderContent_cart__jRjbn icon-cart_icon" aria-label="Cart Icon" href="/medicines-cart?source="></a> is not clickable at point (1308, 30). Other element would receive the click: <ct-web-popup-imageonly></ct-web-popup-imageonly>
  (Session info: chrome=147.0.7727.102)
Build info: version: '4.38.0', revision: '6b412e825c*'
System info: os.name: 'Windows 11', os.arch: 'amd64', os.version: '10.0', java.version: '21.0.10'
Driver info: org.openqa.selenium.chrome.ChromeDriver
Command: [98864aa02af5aba3231cf6a6a93e66e2, clickElement {id=f.9B7235545F89A8EAF060E101D2C3FAB6.d.40FDABE8ED8EA440B7624CD0474FA44F.e.1020}]
Capabilities {acceptInsecureCerts: false, browserName: chrome, browserVersion: 147.0.7727.102, chrome: {chromedriverVersion: 147.0.7727.57 (b4f28b5637d0..., userDataDir: C:\Users\roshi\AppData\Loca...}, fedcm:accounts: true, goog:chromeOptions: {debuggerAddress: localhost:56357}, goog:processID: 21360, networkConnectionEnabled: false, pageLoadStrategy: normal, platformName: windows, proxy: Proxy(), se:cdp: ws://localhost:56357/devtoo..., se:cdpVersion: 147.0.7727.102, setWindowRect: true, strictFileInteractability: false, timeouts: {implicit: 0, pageLoad: 300000, script: 30000}, unhandledPromptBehavior: dismiss and notify, webauthn:extension:credBlob: true, webauthn:extension:largeBlob: true, webauthn:extension:minPinLength: true, webauthn:extension:prf: true, webauthn:virtualAuthenticators: true}
Element: [[ChromeDriver: chrome on windows (98864aa02af5aba3231cf6a6a93e66e2)] -> css selector: a[class*='cart']]
Session ID: 98864aa02af5aba3231cf6a6a93e66e2
at java.base/jdk.internal.reflect.DirectConstructorHandleAccessor.newInstance(DirectConstructorHandleAccessor.java:62)
at java.base/java.lang.reflect.Constructor.newInstanceWithCaller(Constructor.java:502)
at java.base/java.lang.reflect.Constructor.newInstance(Constructor.java:486)
at org.openqa.selenium.remote.ErrorCodec.decode(ErrorCodec.java:167)
at org.openqa.selenium.remote.codec.w3c.W3CHttpResponseCodec.decode(W3CHttpResponseCodec.java:138)
at org.openqa.selenium.remote.codec.w3c.W3CHttpResponseCodec.decode(W3CHttpResponseCodec.java:50)
at org.openqa.selenium.remote.HttpCommandExecutor.execute(HttpCommandExecutor.java:215)
at org.openqa.selenium.remote.service.DriverCommandExecutor.invokeExecute(DriverCommandExecutor.java:216)
at org.openqa.selenium.remote.service.DriverCommandExecutor.execute(DriverCommandExecutor.java:174)
at org.openqa.selenium.remote.RemoteWebDriver.execute(RemoteWebDriver.java:557)
at org.openqa.selenium.remote.RemoteWebElement.execute(RemoteWebElement.java:223)
at org.openqa.selenium.remote.RemoteWebElement.click(RemoteWebElement.java:76)
at java.base/jdk.internal.reflect.DirectMethodHandleAccessor.invoke(DirectMethodHandleAccessor.java:103)
at java.base/java.lang.reflect.Method.invoke(Method.java:580)
at org.openqa.selenium.support.pagefactory.internal.LocatingElementHandler.invoke(LocatingElementHandler.java:51)
at jdk.proxy2/jdk.proxy2.$Proxy24.click(Unknown Source)
at com.apollo247.testing.pages.BuyMedicinePage.click(BuyMedicinePage.java:46)
at com.apollo247.testing.pages.BuyMedicinePage.clickCart(BuyMedicinePage.java:110)
at com.apollo247.testing.stepdefinitions.BuyMedicineSteps.user_clicks_cart_icon(BuyMedicineSteps.java:72)
at ✽.User clicks cart icon(file:///C:/Users/roshi/git/Testing-Sprint-Apollo2471/src/test/java/com/apollo247/testing/features/BuyMedicineFeature.feature:49)
]]>
    </error>
  </testcase> <!-- runScenario -->
</testsuite> <!-- com.apollo247.testing.runner.BuyMedicineRunner -->
