<?xml version="1.0" encoding="UTF-8"?>
<!-- Generated by org.testng.reporters.JUnitReportReporter -->
<testsuite hostname="ShourangaX" failures="0" tests="3" name="com.apollo247.testing.runner.LabTest_RunnerIO" time="836.231" errors="0" timestamp="2026-04-25T17:00:47 IST" skipped="0">
  <testcase classname="com.apollo247.testing.runner.LabTest_RunnerIO" name="runScenario" time="232.664"/>
  <testcase classname="com.apollo247.testing.runner.LabTest_RunnerIO" name="runScenario" time="230.279"/>
  <testcase classname="com.apollo247.testing.runner.LabTest_RunnerIO" name="runScenario" time="373.288"/>
</testsuite> <!-- com.apollo247.testing.runner.LabTest_RunnerIO -->
